# JRE version: OpenJDK Runtime Environment (8.0_112-b06) (build 1.8.0_112-release-b06)
# Java VM: OpenJDK 64-Bit Server VM (25.112-b06 mixed mode windows-amd64 compressed oops)
Heap:
 PSYoungGen      total 281600K, used 277122K [0x00000000e0000000, 0x00000000f7380000, 0x0000000100000000)
  eden space 250880K, 98% used [0x00000000e0000000,0x00000000ef0a1990,0x00000000ef500000)
  from space 30720K, 99% used [0x00000000f1e80000,0x00000000f3c7eef8,0x00000000f3c80000)
  to   space 42496K, 0% used [0x00000000ef500000,0x00000000ef500000,0x00000000f1e80000)
 ParOldGen       total 156672K, used 69574K [0x00000000a0000000, 0x00000000a9900000, 0x00000000e0000000)
  object space 156672K, 44% used [0x00000000a0000000,0x00000000a43f1b98,0x00000000a9900000)
 Metaspace       used 72419K, capacity 75368K, committed 75520K, reserved 1114112K
  class space    used 9331K, capacity 9959K, committed 9984K, reserved 1048576K
GC Heap History (10 events):
Event: 156.934 GC heap before
{Heap before GC invocations=15 (full 3):
 PSYoungGen      total 194560K, used 169984K [0x00000000e0000000, 0x00000000f0580000, 0x0000000100000000)
  eden space 169984K, 100% used [0x00000000e0000000,0x00000000ea600000,0x00000000ea600000)
  from space 24576K, 0% used [0x00000000ea600000,0x00000000ea600000,0x00000000ebe00000)
  to   space 26624K, 0% used [0x00000000eeb80000,0x00000000eeb80000,0x00000000f0580000)
 ParOldGen       total 156672K, used 43055K [0x00000000a0000000, 0x00000000a9900000, 0x00000000e0000000)
  object space 156672K, 27% used [0x00000000a0000000,0x00000000a2a0bef0,0x00000000a9900000)
 Metaspace       used 61521K, capacity 64152K, committed 64384K, reserved 1105920K
  class space    used 8210K, capacity 8731K, committed 8832K, reserved 1048576K
Event: 156.952 GC heap after
Heap after GC invocations=15 (full 3):
 PSYoungGen      total 210432K, used 10324K [0x00000000e0000000, 0x00000000ef600000, 0x0000000100000000)
  eden space 199680K, 0% used [0x00000000e0000000,0x00000000e0000000,0x00000000ec300000)
  from space 10752K, 96% used [0x00000000eeb80000,0x00000000ef595108,0x00000000ef600000)
  to   space 25600K, 0% used [0x00000000ec400000,0x00000000ec400000,0x00000000edd00000)
 ParOldGen       total 156672K, used 43063K [0x00000000a0000000, 0x00000000a9900000, 0x00000000e0000000)
  object space 156672K, 27% used [0x00000000a0000000,0x00000000a2a0def0,0x00000000a9900000)
 Metaspace       used 61521K, capacity 64152K, committed 64384K, reserved 1105920K
  class space    used 8210K, capacity 8731K, committed 8832K, reserved 1048576K
}
Event: 193.543 GC heap before
{Heap before GC invocations=16 (full 3):
 PSYoungGen      total 210432K, used 210004K [0x00000000e0000000, 0x00000000ef600000, 0x0000000100000000)
  eden space 199680K, 100% used [0x00000000e0000000,0x00000000ec300000,0x00000000ec300000)
  from space 10752K, 96% used [0x00000000eeb80000,0x00000000ef595108,0x00000000ef600000)
  to   space 25600K, 0% used [0x00000000ec400000,0x00000000ec400000,0x00000000edd00000)
 ParOldGen       total 156672K, used 43063K [0x00000000a0000000, 0x00000000a9900000, 0x00000000e0000000)
  object space 156672K, 27% used [0x00000000a0000000,0x00000000a2a0def0,0x00000000a9900000)
 Metaspace       used 67144K, capacity 69882K, committed 70144K, reserved 1110016K
  class space    used 8844K, capacity 9416K, committed 9472K, reserved 1048576K
Event: 193.580 GC heap after
Heap after GC invocations=16 (full 3):
 PSYoungGen      total 226304K, used 15979K [0x00000000e0000000, 0x00000000f1180000, 0x0000000100000000)
  eden space 200704K, 0% used [0x00000000e0000000,0x00000000e0000000,0x00000000ec400000)
  from space 25600K, 62% used [0x00000000ec400000,0x00000000ed39ac70,0x00000000edd00000)
  to   space 25600K, 0% used [0x00000000ef880000,0x00000000ef880000,0x00000000f1180000)
 ParOldGen       total 156672K, used 43079K [0x00000000a0000000, 0x00000000a9900000, 0x00000000e0000000)
  object space 156672K, 27% used [0x00000000a0000000,0x00000000a2a11ef0,0x00000000a9900000)
 Metaspace       used 67144K, capacity 69882K, committed 70144K, reserved 1110016K
  class space    used 8844K, capacity 9416K, committed 9472K, reserved 1048576K
}
Event: 199.025 GC heap before
{Heap before GC invocations=17 (full 3):
 PSYoungGen      total 226304K, used 216100K [0x00000000e0000000, 0x00000000f1180000, 0x0000000100000000)
  eden space 200704K, 99% used [0x00000000e0000000,0x00000000ec36e3c8,0x00000000ec400000)
  from space 25600K, 62% used [0x00000000ec400000,0x00000000ed39ac70,0x00000000edd00000)
  to   space 25600K, 0% used [0x00000000ef880000,0x00000000ef880000,0x00000000f1180000)
 ParOldGen       total 156672K, used 43079K [0x00000000a0000000, 0x00000000a9900000, 0x00000000e0000000)
  object space 156672K, 27% used [0x00000000a0000000,0x00000000a2a11ef0,0x00000000a9900000)
 Metaspace       used 68051K, capacity 70912K, committed 71040K, reserved 1110016K
  class space    used 8975K, capacity 9565K, committed 9600K, reserved 1048576K
Event: 199.056 GC heap after
Heap after GC invocations=17 (full 3):
 PSYoungGen      total 254464K, used 14403K [0x00000000e0000000, 0x00000000f1100000, 0x0000000100000000)
  eden space 229376K, 0% used [0x00000000e0000000,0x00000000e0000000,0x00000000ee000000)
  from space 25088K, 57% used [0x00000000ef880000,0x00000000f0690c28,0x00000000f1100000)
  to   space 25088K, 0% used [0x00000000ee000000,0x00000000ee000000,0x00000000ef880000)
 ParOldGen       total 156672K, used 43087K [0x00000000a0000000, 0x00000000a9900000, 0x00000000e0000000)
  object space 156672K, 27% used [0x00000000a0000000,0x00000000a2a13ef0,0x00000000a9900000)
 Metaspace       used 68051K, capacity 70912K, committed 71040K, reserved 1110016K
  class space    used 8975K, capacity 9565K, committed 9600K, reserved 1048576K
}
Event: 208.443 GC heap before
{Heap before GC invocations=18 (full 3):
 PSYoungGen      total 254464K, used 243779K [0x00000000e0000000, 0x00000000f1100000, 0x0000000100000000)
  eden space 229376K, 100% used [0x00000000e0000000,0x00000000ee000000,0x00000000ee000000)
  from space 25088K, 57% used [0x00000000ef880000,0x00000000f0690c28,0x00000000f1100000)
  to   space 25088K, 0% used [0x00000000ee000000,0x00000000ee000000,0x00000000ef880000)
 ParOldGen       total 156672K, used 43087K [0x00000000a0000000, 0x00000000a9900000, 0x00000000e0000000)
  object space 156672K, 27% used [0x00000000a0000000,0x00000000a2a13ef0,0x00000000a9900000)
 Metaspace       used 71933K, capacity 74818K, committed 75008K, reserved 1114112K
  class space    used 9319K, capacity 9926K, committed 9984K, reserved 1048576K
Event: 208.504 GC heap after
Heap after GC invocations=18 (full 3):
 PSYoungGen      total 254464K, used 25071K [0x00000000e0000000, 0x00000000f3c80000, 0x0000000100000000)
  eden space 229376K, 0% used [0x00000000e0000000,0x00000000e0000000,0x00000000ee000000)
  from space 25088K, 99% used [0x00000000ee000000,0x00000000ef87be28,0x00000000ef880000)
  to   space 30720K, 0% used [0x00000000f1e80000,0x00000000f1e80000,0x00000000f3c80000)
 ParOldGen       total 156672K, used 49655K [0x00000000a0000000, 0x00000000a9900000, 0x00000000e0000000)
  object space 156672K, 31% used [0x00000000a0000000,0x00000000a307de68,0x00000000a9900000)
 Metaspace       used 71933K, capacity 74818K, committed 75008K, reserved 1114112K
  class space    used 9319K, capacity 9926K, committed 9984K, reserved 1048576K
}
Event: 210.704 GC heap before
{Heap before GC invocations=19 (full 3):
 PSYoungGen      total 254464K, used 254447K [0x00000000e0000000, 0x00000000f3c80000, 0x0000000100000000)
  eden space 229376K, 100% used [0x00000000e0000000,0x00000000ee000000,0x00000000ee000000)
  from space 25088K, 99% used [0x00000000ee000000,0x00000000ef87be28,0x00000000ef880000)
  to   space 30720K, 0% used [0x00000000f1e80000,0x00000000f1e80000,0x00000000f3c80000)
 ParOldGen       total 156672K, used 49655K [0x00000000a0000000, 0x00000000a9900000, 0x00000000e0000000)
  object space 156672K, 31% used [0x00000000a0000000,0x00000000a307de68,0x00000000a9900000)
 Metaspace       used 72260K, capacity 75144K, committed 75264K, reserved 1114112K
  class space    used 9330K, capacity 9927K, committed 9984K, reserved 1048576K
Event: 210.828 GC heap after
Heap after GC invocations=19 (full 3):
 PSYoungGen      total 281600K, used 30715K [0x00000000e0000000, 0x00000000f7380000, 0x0000000100000000)
  eden space 250880K, 0% used [0x00000000e0000000,0x00000000e0000000,0x00000000ef500000)
  from space 30720K, 99% used [0x00000000f1e80000,0x00000000f3c7eef8,0x00000000f3c80000)
  to   space 42496K, 0% used [0x00000000ef500000,0x00000000ef500000,0x00000000f1e80000)
 ParOldGen       total 156672K, used 69574K [0x00000000a0000000, 0x00000000a9900000, 0x00000000e0000000)
  object space 156672K, 44% used [0x00000000a0000000,0x00000000a43f1b98,0x00000000a9900000)
 Metaspace       used 72260K, capacity 75144K, committed 75264K, reserved 1114112K
  class space    used 9330K, capacity 9927K, committed 9984K, reserved 1048576K
}

